2025-02-23T16:31:55.161Z [INFO]: Starting Nest application...
2025-02-23T16:31:55.170Z [INFO]: CoreModule dependencies initialized
2025-02-23T16:31:55.171Z [INFO]: ConfigHostModule dependencies initialized
2025-02-23T16:31:55.173Z [INFO]: ConfigModule dependencies initialized
2025-02-23T16:31:55.175Z [INFO]: DatabaseModule dependencies initialized
2025-02-23T16:31:55.180Z [INFO]: Nest application successfully started
2025-02-23T16:33:33.885Z [INFO]: Starting Nest application...
2025-02-23T16:33:33.893Z [INFO]: CoreModule dependencies initialized
2025-02-23T16:33:33.894Z [INFO]: ConfigHostModule dependencies initialized
2025-02-23T16:33:33.895Z [INFO]: ConfigModule dependencies initialized
2025-02-23T16:33:33.896Z [INFO]: DatabaseModule dependencies initialized
2025-02-23T16:33:33.897Z [INFO]: Nest application successfully started
2025-02-23T16:34:19.598Z [INFO]: Starting Nest application...
2025-02-23T16:34:19.608Z [INFO]: CoreModule dependencies initialized
2025-02-23T16:34:19.609Z [INFO]: ConfigHostModule dependencies initialized
2025-02-23T16:34:19.611Z [INFO]: ConfigModule dependencies initialized
2025-02-23T16:34:19.613Z [INFO]: DatabaseModule dependencies initialized
2025-02-23T16:34:19.615Z [INFO]: Nest application successfully started
2025-02-23T16:34:54.397Z [INFO]: Starting Nest application...
2025-02-23T16:34:54.407Z [INFO]: CoreModule dependencies initialized
2025-02-23T16:34:54.408Z [INFO]: ConfigHostModule dependencies initialized
2025-02-23T16:34:54.410Z [INFO]: ConfigModule dependencies initialized
2025-02-23T16:34:54.412Z [INFO]: DatabaseModule dependencies initialized
2025-02-23T16:34:54.414Z [INFO]: Nest application successfully started
undefined
undefined
undefined
undefined
undefined
undefined
undefined
undefined
undefined
undefined
undefined
undefined
2025-02-23T16:40:03.279Z [[32MINFO[39M]: Starting Nest application...
2025-02-23T16:40:03.287Z [[32MINFO[39M]: CoreModule dependencies initialized
2025-02-23T16:40:03.288Z [[32MINFO[39M]: ConfigHostModule dependencies initialized
2025-02-23T16:40:03.291Z [[32MINFO[39M]: ConfigModule dependencies initialized
2025-02-23T16:40:03.292Z [[32MINFO[39M]: DatabaseModule dependencies initialized
2025-02-23T16:40:03.294Z [[32MINFO[39M]: Nest application successfully started
2025-02-23T16:41:10.396Z [INFO]: Starting Nest application...
2025-02-23T16:41:10.405Z [INFO]: CoreModule dependencies initialized
2025-02-23T16:41:10.406Z [INFO]: ConfigHostModule dependencies initialized
2025-02-23T16:41:10.408Z [INFO]: ConfigModule dependencies initialized
2025-02-23T16:41:10.410Z [INFO]: DatabaseModule dependencies initialized
2025-02-23T16:41:10.412Z [INFO]: Nest application successfully started
undefined
undefined
undefined
undefined
undefined
undefined
undefined
undefined
undefined
undefined
undefined
undefined
undefined
undefined
undefined
undefined
undefined
undefined
undefined
undefined
undefined
undefined
undefined
undefined
undefined
undefined
undefined
undefined
undefined
undefined
undefined
undefined
undefined
undefined
undefined
undefined
undefined
undefined
undefined
undefined
undefined
undefined
undefined
undefined
undefined
undefined
undefined
undefined
undefined
undefined
undefined
undefined
undefined
undefined
undefined
undefined
undefined
undefined
undefined
undefined
undefined
undefined
undefined
undefined
undefined
undefined
undefined
undefined
undefined
undefined
undefined
undefined
undefined
undefined
undefined
undefined
undefined
undefined
undefined
undefined
undefined
undefined
undefined
undefined
undefined
undefined
undefined
undefined
undefined
undefined
undefined
undefined
undefined
undefined
undefined
undefined
undefined
undefined
undefined
undefined
undefined
undefined
undefined
undefined
undefined
undefined
undefined
undefined
undefined
undefined
undefined
undefined
undefined
undefined
undefined
undefined
undefined
undefined
undefined
undefined
undefined
undefined
undefined
undefined
undefined
undefined
undefined
undefined
undefined
undefined
undefined
undefined
